[0411/084613:ERROR:process_info.cc(330)] VirtualQueryEx: Access is denied. (0x5)
[0411/084613:ERROR:process_info.cc(547)] ReadMemoryInfo failed
[0411/084613:ERROR:process_info.cc(608)] range at 0xfffde000, size 0x230 fully unreadable
[0411/084613:ERROR:process_reader_win.cc(232)] ReadMemory at 0xfffde000 of 560 bytes failed: Only part of a ReadProcessMemory or WriteProcessMemory request was completed. (0x12B)
[0411/084613:ERROR:process_snapshot_win.cc(271)] ReadMemory PEB
[0411/084613:ERROR:process_reader_win.cc(98)] process 5096 not found
[0411/084613:ERROR:process_reader_win.cc(232)] ReadMemory at 0xe0000 of 64 bytes failed: Only part of a ReadProcessMemory or WriteProcessMemory request was completed. (0x12B)
[0411/084613:WARNING:pe_image_reader.cc(280)] could not read dos header from C:\Program Files (x86)\Google\Chrome\Application\chrome.exe
[0411/084613:ERROR:process_reader_win.cc(232)] ReadMemory at 0x77920000 of 64 bytes failed: Only part of a ReadProcessMemory or WriteProcessMemory request was completed. (0x12B)
[0411/084613:WARNING:pe_image_reader.cc(280)] could not read dos header from C:\Windows\SysWOW64\ntdll.dll
[0411/084613:ERROR:process_reader_win.cc(232)] ReadMemory at 0x75b40000 of 64 bytes failed: Only part of a ReadProcessMemory or WriteProcessMemory request was completed. (0x12B)
[0411/084613:WARNING:pe_image_reader.cc(280)] could not read dos header from C:\Windows\syswow64\KERNELBASE.dll
[0411/084613:ERROR:process_reader_win.cc(232)] ReadMemory at 0x75dd0000 of 64 bytes failed: Only part of a ReadProcessMemory or WriteProcessMemory request was completed. (0x12B)
[0411/084613:WARNING:pe_image_reader.cc(280)] could not read dos header from C:\Windows\syswow64\kernel32.dll
[0411/084613:ERROR:process_reader_win.cc(232)] ReadMemory at 0x76e20000 of 64 bytes failed: Only part of a ReadProcessMemory or WriteProcessMemory request was completed. (0x12B)
[0411/084613:WARNING:pe_image_reader.cc(280)] could not read dos header from C:\Windows\syswow64\msvcrt.dll
[0411/084613:ERROR:process_reader_win.cc(232)] ReadMemory at 0x75260000 of 64 bytes failed: Only part of a ReadProcessMemory or WriteProcessMemory request was completed. (0x12B)
[0411/084613:WARNING:pe_image_reader.cc(280)] could not read dos header from C:\Windows\syswow64\CRYPTBASE.dll
[0411/084613:ERROR:process_reader_win.cc(232)] ReadMemory at 0x75270000 of 64 bytes failed: Only part of a ReadProcessMemory or WriteProcessMemory request was completed. (0x12B)
[0411/084613:WARNING:pe_image_reader.cc(280)] could not read dos header from C:\Windows\syswow64\SspiCli.dll
[0411/084613:ERROR:process_reader_win.cc(232)] ReadMemory at 0x76070000 of 64 bytes failed: Only part of a ReadProcessMemory or WriteProcessMemory request was completed. (0x12B)
[0411/084613:WARNING:pe_image_reader.cc(280)] could not read dos header from C:\Windows\syswow64\RPCRT4.dll
[0411/084613:ERROR:process_reader_win.cc(232)] ReadMemory at 0x75340000 of 64 bytes failed: Only part of a ReadProcessMemory or WriteProcessMemory request was completed. (0x12B)
[0411/084613:WARNING:pe_image_reader.cc(280)] could not read dos header from C:\Windows\SysWOW64\sechost.dll
[0411/084613:ERROR:process_reader_win.cc(232)] ReadMemory at 0x756b0000 of 64 bytes failed: Only part of a ReadProcessMemory or WriteProcessMemory request was completed. (0x12B)
[0411/084613:WARNING:pe_image_reader.cc(280)] could not read dos header from C:\Windows\syswow64\ADVAPI32.dll
[0411/084613:ERROR:process_reader_win.cc(232)] ReadMemory at 0x72b90000 of 64 bytes failed: Only part of a ReadProcessMemory or WriteProcessMemory request was completed. (0x12B)
[0411/084613:WARNING:pe_image_reader.cc(280)] could not read dos header from C:\Program Files (x86)\Google\Chrome\Application\49.0.2623.110\chrome_elf.dll
[0411/084613:ERROR:process_reader_win.cc(232)] ReadMemory at 0x74730000 of 64 bytes failed: Only part of a ReadProcessMemory or WriteProcessMemory request was completed. (0x12B)
[0411/084613:WARNING:pe_image_reader.cc(280)] could not read dos header from C:\Windows\system32\webio.dll
[0411/084613:ERROR:process_reader_win.cc(232)] ReadMemory at 0x74780000 of 64 bytes failed: Only part of a ReadProcessMemory or WriteProcessMemory request was completed. (0x12B)
[0411/084613:WARNING:pe_image_reader.cc(280)] could not read dos header from C:\Windows\system32\WINHTTP.dll
[0411/084613:ERROR:process_reader_win.cc(232)] ReadMemory at 0x70190000 of 64 bytes failed: Only part of a ReadProcessMemory or WriteProcessMemory request was completed. (0x12B)
[0411/084613:WARNING:pe_image_reader.cc(280)] could not read dos header from C:\Windows\system32\VERSION.dll
[0411/084613:ERROR:process_reader_win.cc(232)] ReadMemory at 0x755a0000 of 64 bytes failed: Only part of a ReadProcessMemory or WriteProcessMemory request was completed. (0x12B)
[0411/084613:WARNING:pe_image_reader.cc(280)] could not read dos header from C:\Windows\syswow64\USP10.dll
[0411/084613:ERROR:process_reader_win.cc(232)] ReadMemory at 0x75c60000 of 64 bytes failed: Only part of a ReadProcessMemory or WriteProcessMemory request was completed. (0x12B)
[0411/084613:WARNING:pe_image_reader.cc(280)] could not read dos header from C:\Windows\syswow64\LPK.dll
[0411/084613:ERROR:process_reader_win.cc(232)] ReadMemory at 0x75c70000 of 64 bytes failed: Only part of a ReadProcessMemory or WriteProcessMemory request was completed. (0x12B)
[0411/084613:WARNING:pe_image_reader.cc(280)] could not read dos header from C:\Windows\syswow64\GDI32.dll
[0411/084613:ERROR:process_reader_win.cc(232)] ReadMemory at 0x772f0000 of 64 bytes failed: Only part of a ReadProcessMemory or WriteProcessMemory request was completed. (0x12B)
[0411/084613:WARNING:pe_image_reader.cc(280)] could not read dos header from C:\Windows\syswow64\USER32.dll
[0411/084613:ERROR:process_reader_win.cc(232)] ReadMemory at 0x6d9a0000 of 64 bytes failed: Only part of a ReadProcessMemory or WriteProcessMemory request was completed. (0x12B)
[0411/084613:WARNING:pe_image_reader.cc(280)] could not read dos header from C:\Windows\system32\WINMM.dll
[0411/084613:ERROR:process_reader_win.cc(232)] ReadMemory at 0x778f0000 of 64 bytes failed: Only part of a ReadProcessMemory or WriteProcessMemory request was completed. (0x12B)
[0411/084613:WARNING:pe_image_reader.cc(280)] could not read dos header from C:\Windows\syswow64\profapi.dll
[0411/084613:ERROR:process_reader_win.cc(232)] ReadMemory at 0x75ba0000 of 64 bytes failed: Only part of a ReadProcessMemory or WriteProcessMemory request was completed. (0x12B)
[0411/084613:WARNING:pe_image_reader.cc(280)] could not read dos header from C:\Windows\syswow64\USERENV.dll
[0411/084613:ERROR:process_reader_win.cc(232)] ReadMemory at 0x74ad0000 of 64 bytes failed: Only part of a ReadProcessMemory or WriteProcessMemory request was completed. (0x12B)
[0411/084613:WARNING:pe_image_reader.cc(280)] could not read dos header from C:\Windows\system32\WTSAPI32.dll
[0411/084613:ERROR:process_reader_win.cc(232)] ReadMemory at 0x75d00000 of 64 bytes failed: Only part of a ReadProcessMemory or WriteProcessMemory request was completed. (0x12B)
[0411/084613:WARNING:pe_image_reader.cc(280)] could not read dos header from C:\Windows\syswow64\MSCTF.dll
[0411/084613:ERROR:process_reader_win.cc(232)] ReadMemory at 0x753e0000 of 64 bytes failed: Only part of a ReadProcessMemory or WriteProcessMemory request was completed. (0x12B)
[0411/084613:WARNING:pe_image_reader.cc(280)] could not read dos header from C:\Windows\system32\IMM32.DLL
[0411/084613:ERROR:process_reader_win.cc(232)] ReadMemory at 0x752d0000 of 64 bytes failed: Only part of a ReadProcessMemory or WriteProcessMemory request was completed. (0x12B)
[0411/084613:WARNING:pe_image_reader.cc(280)] could not read dos header from C:\Windows\syswow64\SHLWAPI.dll
[0411/084613:ERROR:process_reader_win.cc(232)] ReadMemory at 0x76160000 of 64 bytes failed: Only part of a ReadProcessMemory or WriteProcessMemory request was completed. (0x12B)
[0411/084613:WARNING:pe_image_reader.cc(280)] could not read dos header from C:\Windows\syswow64\SHELL32.dll
[0411/084613:ERROR:process_reader_win.cc(232)] ReadMemory at 0x770e0000 of 64 bytes failed: Only part of a ReadProcessMemory or WriteProcessMemory request was completed. (0x12B)
[0411/084613:WARNING:pe_image_reader.cc(280)] could not read dos header from C:\Windows\syswow64\PSAPI.DLL
[0411/084613:ERROR:process_reader_win.cc(232)] ReadMemory at 0x682f0000 of 64 bytes failed: Only part of a ReadProcessMemory or WriteProcessMemory request was completed. (0x12B)
[0411/084613:WARNING:pe_image_reader.cc(280)] could not read dos header from C:\Windows\system32\WINSPOOL.DRV
[0411/084613:ERROR:process_reader_win.cc(232)] ReadMemory at 0x68f00000 of 64 bytes failed: Only part of a ReadProcessMemory or WriteProcessMemory request was completed. (0x12B)
[0411/084613:WARNING:pe_image_reader.cc(280)] could not read dos header from C:\Windows\WinSxS\x86_microsoft.windows.common-controls_6595b64144ccf1df_6.0.7601.18837_none_41e855142bd5705d\COMCTL32.dll
[0411/084613:ERROR:process_reader_win.cc(232)] ReadMemory at 0x75360000 of 64 bytes failed: Only part of a ReadProcessMemory or WriteProcessMemory request was completed. (0x12B)
[0411/084613:WARNING:pe_image_reader.cc(280)] could not read dos header from C:\Windows\syswow64\COMDLG32.dll
[0411/084613:ERROR:process_reader_win.cc(232)] ReadMemory at 0x77190000 of 64 bytes failed: Only part of a ReadProcessMemory or WriteProcessMemory request was completed. (0x12B)
[0411/084613:WARNING:pe_image_reader.cc(280)] could not read dos header from C:\Windows\syswow64\ole32.dll
[0411/084613:ERROR:process_reader_win.cc(232)] ReadMemory at 0x75bd0000 of 64 bytes failed: Only part of a ReadProcessMemory or WriteProcessMemory request was completed. (0x12B)
[0411/084613:WARNING:pe_image_reader.cc(280)] could not read dos header from C:\Windows\syswow64\OLEAUT32.dll
[0411/084613:ERROR:process_reader_win.cc(232)] ReadMemory at 0x75f30000 of 64 bytes failed: Only part of a ReadProcessMemory or WriteProcessMemory request was completed. (0x12B)
[0411/084613:WARNING:pe_image_reader.cc(280)] could not read dos header from C:\Windows\syswow64\NSI.dll
[0411/084613:ERROR:process_reader_win.cc(232)] ReadMemory at 0x70160000 of 64 bytes failed: Only part of a ReadProcessMemory or WriteProcessMemory request was completed. (0x12B)
[0411/084613:WARNING:pe_image_reader.cc(280)] could not read dos header from C:\Windows\system32\WINNSI.DLL
[0411/084613:ERROR:process_reader_win.cc(232)] ReadMemory at 0x70170000 of 64 bytes failed: Only part of a ReadProcessMemory or WriteProcessMemory request was completed. (0x12B)
[0411/084613:WARNING:pe_image_reader.cc(280)] could not read dos header from C:\Windows\system32\IPHLPAPI.DLL
[0411/084613:ERROR:process_reader_win.cc(232)] ReadMemory at 0x773f0000 of 64 bytes failed: Only part of a ReadProcessMemory or WriteProcessMemory request was completed. (0x12B)
[0411/084613:WARNING:pe_image_reader.cc(280)] could not read dos header from C:\Windows\syswow64\WS2_32.dll
[0411/084613:ERROR:process_reader_win.cc(232)] ReadMemory at 0x770f0000 of 64 bytes failed: Only part of a ReadProcessMemory or WriteProcessMemory request was completed. (0x12B)
[0411/084613:WARNING:pe_image_reader.cc(280)] could not read dos header from C:\Windows\syswow64\MSASN1.dll
[0411/084613:ERROR:process_reader_win.cc(232)] ReadMemory at 0x75f40000 of 64 bytes failed: Only part of a ReadProcessMemory or WriteProcessMemory request was completed. (0x12B)
[0411/084613:WARNING:pe_image_reader.cc(280)] could not read dos header from C:\Windows\syswow64\CRYPT32.dll
[0411/084613:ERROR:process_reader_win.cc(232)] ReadMemory at 0x75670000 of 64 bytes failed: Only part of a ReadProcessMemory or WriteProcessMemory request was completed. (0x12B)
[0411/084613:WARNING:pe_image_reader.cc(280)] could not read dos header from C:\Windows\syswow64\WINTRUST.dll
[0411/084613:ERROR:process_reader_win.cc(232)] ReadMemory at 0x74710000 of 64 bytes failed: Only part of a ReadProcessMemory or WriteProcessMemory request was completed. (0x12B)
[0411/084613:WARNING:pe_image_reader.cc(280)] could not read dos header from C:\Windows\system32\Secur32.dll
[0411/084613:ERROR:process_reader_win.cc(232)] ReadMemory at 0x54f70000 of 64 bytes failed: Only part of a ReadProcessMemory or WriteProcessMemory request was completed. (0x12B)
[0411/084613:WARNING:pe_image_reader.cc(280)] could not read dos header from C:\Program Files (x86)\Google\Chrome\Application\49.0.2623.110\chrome_child.dll
[0411/084613:ERROR:process_reader_win.cc(232)] ReadMemory at 0x73dd0000 of 64 bytes failed: Only part of a ReadProcessMemory or WriteProcessMemory request was completed. (0x12B)
[0411/084613:WARNING:pe_image_reader.cc(280)] could not read dos header from C:\Windows\system32\dwrite.dll
[0411/084613:ERROR:process_reader_win.cc(232)] ReadMemory at 0x18c154 of 12 bytes failed: Only part of a ReadProcessMemory or WriteProcessMemory request was completed. (0x12B)
[0411/084613:WARNING:process_snapshot_win.cc(89)] ReadMemory ExceptionInformation failed
[0411/084613:WARNING:crash_report_exception_handler.cc(60)] ProcessSnapshotWin::InitializeException failed
[0411/084613:ERROR:scoped_process_suspend.cc(38)] NtResumeProcess, ntstatus=-1073741558
